<?xml version="1.0" encoding="UTF-8"?>
<!-- Generated by org.testng.reporters.JUnitReportReporter -->
<testsuite skipped="0" hostname="DESKTOP-8DBE2PL" name="com.utility.UtilityTakeSecreenshot" tests="1" failures="0" timestamp="22 Oct 2018 10:17:30 GMT" time="0.016" errors="0">
  <testcase name="screenshot" time="0.016" classname="com.utility.UtilityTakeSecreenshot"/>
</testsuite> <!-- com.utility.UtilityTakeSecreenshot -->
